Starting Repeated Measure Analysis on Set.One 
at Tue Feb 20 14:53:50 2018 GMT
[1] -0.5  0.0  1.0  2.0  3.0
$A
[1] "SquatHA1" "SquatHA2" "SquatHA3"

$B
[1] "SquatHB1" "SquatHB2" "SquatHB3"

$C
[1] "SquatHC1" "SquatHC2" "SquatHC3"

$D
[1] "SquatHD1" "SquatHD2" "SquatHD3"

$E
[1] "SquatHE1" "SquatHE2" "SquatHE3"

$High.Intensity
[1] "1.H"  "2.H"  "4.H"  "7.H"  "10.H"

$Low.Intensity
[1] "3.L" "5.L" "6.L" "8.L" "9.L"

Analysing Set.One.High.Intensity 
Processing Set.One.High.Intensity 
    [,1]   [,2]   [,3]   [,4]   [,5]   [,6]   [,7]   [,8]   [,9]  [,10]  [,11]
A 31.396 28.018 36.289 34.967 26.515 30.656 33.158 36.023 36.289 31.272 36.289
B 32.650 33.670 30.168 30.656 25.164 34.967 35.230 34.186 32.903 24.942 29.925
C 29.442 26.858 28.253 25.275 24.392 37.094 30.902 32.397 27.784 24.721 34.967
D 34.445 23.740 28.964 19.817 27.667 29.683 30.411 33.413 17.707 27.203 34.706
E 31.645 31.895 31.149 18.651 27.901 30.168 34.186 31.396 18.271 29.322 35.493
   [,12]  [,13]  [,14]  [,15]
A 32.903 36.289 37.636 32.271
B 34.186 34.706 33.670 25.947
C 29.202 30.656 27.088 24.392
D 26.858 34.967 20.413 27.667
E 30.411 35.493 20.413 28.964
       [,1]      [,2]      [,3]      [,4]      [,5]      [,6]      [,7]
A 0.9419346 0.8405888 1.0887331 1.0490708 0.7954961 0.9197333 0.9947977
B 0.9795568 1.0101586 0.9050925 0.9197333 0.7549638 1.0490708 1.0569613
C 0.8833112 0.8057867 0.8476392 0.7582940 0.7318024 1.1128845 0.9271138
D 1.0334099 0.7122413 0.8689704 0.5945445 0.8300581 0.8905417 0.9123829
E 0.9494051 0.9569055 0.9345242 0.5595625 0.8370786 0.9050925 1.0256395
       [,8]      [,9]     [,10]     [,11]     [,12]     [,13]     [,14]
A 1.0807527 1.0887331 0.9382144 1.0887331 0.9871473 1.0887331 1.1291455
B 1.0256395 0.9871473 0.7483034 0.8978021 1.0256395 1.0412404 1.0101586
C 0.9719664 0.8335683 0.7416730 1.0490708 0.8761108 0.9197333 0.8126871
D 1.0024481 0.5312408 0.8161373 1.0412404 0.8057867 1.0490708 0.6124255
E 0.9419346 0.5481618 0.8797110 1.0648518 0.9123829 1.0648518 0.6124255
      [,15]
A 0.9681862
B 0.7784552
C 0.7318024
D 0.8300581
E 0.8689704
  times trialMeans   trialSDs
A  -0.5  1.0000000 0.09970375
B   0.0  0.9459949 0.10825892
C   1.0  0.8668963 0.11453022
D   2.0  0.8353705 0.16517250
E   3.0  0.8707665 0.16772593
Analysing Set.One.Low.Intensity 
Processing Set.One.Low.Intensity 
    [,1]   [,2]   [,3]   [,4]   [,5]   [,6]   [,7]   [,8]   [,9]  [,10]  [,11]
A 27.784 21.221 35.230 46.531 33.670 27.088 21.426 37.094 44.440 35.098 24.611
B 26.858 21.221 34.445 39.284 32.903 26.401 23.525 33.413 42.109 33.285 25.275
C 25.275 21.017 31.895 45.032 31.521 26.174 25.053 32.145 44.145 32.271 27.088
D 25.947 24.392 36.023 40.402 33.927 26.401 24.832 31.645 42.686 33.670 30.656
E 27.319 25.275 31.895 44.736 35.757 28.018 23.957 33.927 43.851 36.825 28.018
   [,12]  [,13]  [,14]  [,15]
A 25.947 38.730 47.747 35.757
B 25.053 34.186 44.736 30.656
C 27.319 33.158 45.032 31.521
D 25.275 35.230 45.928 31.895
E 28.726 34.967 45.330 36.023
       [,1]      [,2]      [,3]     [,4]      [,5]      [,6]      [,7]
A 0.8295811 0.6336216 1.0519056 1.389333 1.0053267 0.8087998 0.6397425
B 0.8019324 0.6336216 1.0284668 1.172951 0.9824254 0.7882872 0.7024149
C 0.7546668 0.6275305 0.9523283 1.344576 0.9411614 0.7815094 0.7480383
D 0.7747316 0.7283020 1.0755831 1.206332 1.0130003 0.7882872 0.7414396
E 0.8156971 0.7546668 0.9523283 1.335738 1.0676408 0.8365680 0.7153137
       [,8]     [,9]     [,10]     [,11]     [,12]     [,13]    [,14]     [,15]
A 1.1075613 1.326900 1.0479643 0.7348410 0.7747316 1.1564094 1.425641 1.0676408
B 0.9976531 1.257300 0.9938313 0.7546668 0.7480383 1.0207336 1.335738 0.9153340
C 0.9597929 1.318092 0.9635550 0.8087998 0.8156971 0.9900393 1.344576 0.9411614
D 0.9448638 1.274529 1.0053267 0.9153340 0.7546668 1.0519056 1.371329 0.9523283
E 1.0130003 1.309313 1.0995294 0.8365680 0.8577076 1.0440528 1.353474 1.0755831
  times trialMeans  trialSDs
A  -0.5  1.0000000 0.2585564
B   0.0  0.9422263 0.2066822
C   1.0  0.9527683 0.2233024
D   2.0  0.9731973 0.2004572
E   3.0  1.0044787 0.2081351
Processing of Set.One successfully completed at Tue Feb 20 14:53:50 2018 GMT

Starting Repeated Measure Analysis on Set.Two 
at Tue Feb 20 14:53:50 2018 GMT
[1] -0.5  0.0  1.0  2.0  3.0
$F
[1] "SquatHF1" "SquatHF2" "SquatHF3"

$G
[1] "SquatHG1" "SquatHG2" "SquatHG3"

$H
[1] "SquatHH1" "SquatHH2" "SquatHH3"

$I
[1] "SquatHI1" "SquatHI2" "SquatHI3"

$J
[1] "SquatHJ1" "SquatHJ2" "SquatHJ3"

$High.Intensity
[1] "1.H"  "2.H"  "4.H"  "7.H"  "10.H"

$Low.Intensity
[1] "3.L" "5.L" "6.L" "8.L" "9.L"

Analysing Set.Two.High.Intensity 
Processing Set.Two.High.Intensity 
    [,1]   [,2]   [,3]   [,4]   [,5]   [,6]   [,7]   [,8]   [,9]  [,10]  [,11]
F 31.149 33.927 35.493 31.149 27.435 34.706 37.364 37.364 32.397 26.174 35.230
G 32.903 33.413 31.895 30.411 22.358 34.186 32.145 28.018 29.442 23.525 34.706
H 35.493 34.186 34.706 28.726 26.973 35.493 35.230 36.556 28.253 25.275 36.825
I 33.413 36.556 34.706 32.650 23.740 37.094 33.158 33.670 32.145 24.721 37.364
J 29.202 31.149 31.895 29.683 25.835 37.636 32.903 34.967 29.683 25.835 40.684
   [,12]  [,13]  [,14]  [,15]
F 34.706 37.094 31.895 24.611
G 31.396 31.645 31.396 22.779
H 33.927 34.186 31.396 23.957
I 33.413 38.455 29.683 26.287
J 33.158 34.186 31.396 26.174
       [,1]      [,2]      [,3]      [,4]      [,5]     [,6]      [,7]
F 0.9521922 1.0371127 1.0849837 0.9521922 0.8386591 1.060926 1.1421782
G 1.0058101 1.0214003 0.9749966 0.9296323 0.6834606 1.045030 0.9826389
H 1.0849837 1.0450301 1.0609260 0.8781236 0.8245363 1.084984 1.0769441
I 1.0214003 1.1174785 1.0609260 0.9980762 0.7257069 1.133925 1.0136052
J 0.8926745 0.9521922 0.9749966 0.9073781 0.7897488 1.150493 1.0058101
       [,8]      [,9]     [,10]    [,11]     [,12]     [,13]     [,14]
F 1.1421782 0.9903422 0.8001117 1.076944 1.0609260 1.1339246 0.9749966
G 0.8564808 0.9000110 0.7191345 1.060926 0.9597427 0.9673544 0.9597427
H 1.1174785 0.8636645 0.7726302 1.125702 1.0371127 1.0450301 0.9597427
I 1.0292565 0.9826389 0.7556950 1.142178 1.0214003 1.1755289 0.9073781
J 1.0689044 0.9073781 0.7897488 1.243667 1.0136052 1.0450301 0.9597427
      [,15]
F 0.7523324
G 0.6963301
H 0.7323403
I 0.8035660
J 0.8001117
  times trialMeans  trialSDs
F  -0.5  1.0000000 0.1233242
G   0.0  0.9175127 0.1242831
H   1.0  0.9806152 0.1316552
I   2.0  0.9925840 0.1388725
J   3.0  0.9667654 0.1292899
Analysing Set.Two.Low.Intensity 
Processing Set.Two.Low.Intensity 
    [,1]   [,2]   [,3]   [,4]   [,5]   [,6]   [,7]   [,8]   [,9]  [,10]  [,11]
F 25.053 21.838 34.706 43.998 34.186 24.611 28.726 34.967 44.292 36.556 25.722
G 23.525 28.018 31.645 40.543 28.489 25.053 28.018 31.895 41.393 28.018 23.311
H 22.045 23.957 34.445 39.423 27.551 22.463 24.832 32.903 40.684 26.401 20.613
I 22.463 24.832 32.650 43.851 29.683 23.311 23.097 35.230 44.588 29.322 23.957
J 24.611 22.885 38.730 44.145 29.442 23.957 24.174 38.730 44.736 28.371 25.722
   [,12]  [,13]  [,14]  [,15]
F 28.253 34.967 45.629 35.757
G 27.319 31.895 43.121 27.784
H 26.629 32.903 41.822 28.371
I 26.174 33.413 42.541 29.202
J 23.311 38.455 44.736 30.411
       [,1]      [,2]      [,3]     [,4]      [,5]      [,6]      [,7]
F 0.7527025 0.6561097 1.0427211 1.321894 1.0270981 0.7394229 0.8630556
G 0.7067946 0.8417842 0.9507552 1.218090 0.8559351 0.7527025 0.8417842
H 0.6623289 0.7197738 1.0348796 1.184441 0.8277534 0.6748875 0.7460627
I 0.6748875 0.7460627 0.9809498 1.317477 0.8918081 0.7003651 0.6939356
J 0.7394229 0.6875662 1.1636198 1.326310 0.8845674 0.7197738 0.7262935
       [,8]     [,9]     [,10]     [,11]     [,12]     [,13]    [,14]     [,15]
F 1.0505627 1.330727 1.0983033 0.7728022 0.8488446 1.0505627 1.370896 1.0742978
G 0.9582663 1.243628 0.8417842 0.7003651 0.8207831 0.9582663 1.295545 0.8347538
H 0.9885511 1.222327 0.7932024 0.6193053 0.8000525 0.9885511 1.256517 0.8523898
I 1.0584644 1.339620 0.8809621 0.7197738 0.7863823 1.0038737 1.278119 0.8773567
J 1.1636198 1.344067 0.8523898 0.7728022 0.7003651 1.1553576 1.344067 0.9136804
  times trialMeans  trialSDs
F  -0.5  1.0000000 0.2258245
G   0.0  0.9214159 0.1889301
H   1.0  0.8914015 0.2097079
I   2.0  0.9300025 0.2302948
J   3.0  0.9662601 0.2544977
Processing of Set.Two successfully completed at Tue Feb 20 14:53:50 2018 GMT

Starting Repeated Measure Analysis on Set.One 
at Tue Feb 20 14:53:50 2018 GMT
[1] -0.5  0.0  1.0  2.0  3.0
$A
[1] "SquatHA1" "SquatHA2" "SquatHA3"

$B
[1] "SquatHB1" "SquatHB2" "SquatHB3"

$C
[1] "SquatHC1" "SquatHC2" "SquatHC3"

$D
[1] "SquatHD1" "SquatHD2" "SquatHD3"

$E
[1] "SquatHE1" "SquatHE2" "SquatHE3"

$All.Patients
 [1] "1"  "2"  "3"  "4"  "5"  "6"  "7"  "8"  "9"  "10" "11" "12" "13" "14" "15"
[16] "16"

Analysing Set.One.All.Patients 
Processing Set.One.All.Patients 
    [,1]   [,2]   [,3]   [,4]   [,5]   [,6]   [,7]   [,8]   [,9]  [,10]  [,11]
A 31.396 28.018 27.784 36.289 21.221 35.230 34.967 46.531 33.670 26.515 32.903
B 32.650 33.670 26.858 30.168 21.221 34.445 30.656 39.284 32.903 25.164 32.020
C 29.442 26.858 25.275 28.253 21.017 31.895 25.275 45.032 31.521 24.392 31.396
D 34.445 23.740 25.947 28.964 24.392 36.023 19.817 40.402 33.927 27.667 30.656
E 31.645 31.895 27.319 31.149 25.275 31.895 18.651 44.736 35.757 27.901 30.902
   [,12]  [,13]  [,14]  [,15]  [,16]  [,17]  [,18]  [,19]  [,20]  [,21]  [,22]
A 37.908 37.772 28.964 38.181 31.645 30.656 33.158 27.088 36.023 21.426 37.094
B 38.455 39.145 27.203 42.253 29.442 34.967 35.230 26.401 34.186 23.525 33.413
C 36.959 34.316 29.083 40.402 30.411 37.094 30.902 26.174 32.397 25.053 32.145
D 41.393 36.959 27.435 39.701 31.025 29.683 30.411 26.401 33.413 24.832 31.645
E 42.253 36.156 27.203 37.908 29.202 30.168 34.186 28.018 31.396 23.957 33.927
   [,23]  [,24]  [,25]  [,26]  [,27]  [,28]  [,29]  [,30]  [,31]  [,32]  [,33]
A 36.289 44.440 35.098 31.272 34.186 38.455 39.701 28.726 41.679 30.168 36.289
B 32.903 42.109 33.285 24.942 33.030 41.109 39.145 27.088 42.397 29.083 29.925
C 27.784 44.145 32.271 24.721 31.770 37.229 37.772 26.629 40.261 26.401 34.967
D 17.707 42.686 33.670 27.203 30.902 38.593 34.445 26.973 39.423 34.057 34.706
E 18.271 43.851 36.825 29.322 33.030 42.976 35.890 27.901 38.593 30.289 35.493
   [,34]  [,35]  [,36]  [,37]  [,38]  [,39]  [,40]  [,41]  [,42]  [,43]  [,44]
A 32.903 24.611 36.289 25.947 38.730 37.636 47.747 35.757 32.271 31.521 38.455
B 34.186 25.275 34.706 25.053 34.186 33.670 44.736 30.656 25.947 32.397 40.261
C 29.202 27.088 30.656 27.319 33.158 27.088 45.032 31.521 24.392 31.895 39.007
D 26.858 30.656 34.967 25.275 35.230 20.413 45.928 31.895 27.667 30.779 39.423
E 30.411 28.018 35.493 28.726 34.967 20.413 45.330 36.023 28.964 31.770 41.251
   [,45]  [,46]  [,47]  [,48]
A 38.455 28.844 42.541 36.156
B 41.822 27.784 43.121 32.903
C 35.230 26.858 40.261 29.925
D 36.023 26.174 39.423 32.271
E 34.967 22.568 38.868 30.534
       [,1]      [,2]      [,3]      [,4]      [,5]      [,6]      [,7]
A 0.9196896 0.8207372 0.8138825 1.0630213 0.6216312 1.0319998 1.0242957
B 0.9564233 0.9863024 0.7867570 0.8837176 0.6216312 1.0090046 0.8980126
C 0.8624507 0.7867570 0.7403859 0.8276211 0.6156554 0.9343069 0.7403859
D 1.0090046 0.6954208 0.7600709 0.8484485 0.7145200 1.0552293 0.5805035
E 0.9269836 0.9343069 0.8002612 0.9124542 0.7403859 0.9343069 0.5463477
      [,8]      [,9]     [,10]     [,11]    [,12]    [,13]     [,14]    [,15]
A 1.363042 0.9863024 0.7767095 0.9638345 1.110447 1.106463 0.8484485 1.118444
B 1.150754 0.9638345 0.7371343 0.9379686 1.126470 1.146683 0.7968632 1.237726
C 1.319132 0.9233513 0.7145200 0.9196896 1.082648 1.005226 0.8519344 1.183504
D 1.183504 0.9938307 0.8104552 0.8980126 1.212534 1.082648 0.8036592 1.162970
E 1.310461 1.0474373 0.8173098 0.9052188 1.237726 1.059125 0.7968632 1.110447
      [,16]     [,17]     [,18]     [,19]     [,20]     [,21]     [,22]
A 0.9269836 0.8980126 0.9713042 0.7934945 1.0552293 0.6276363 1.0866023
B 0.8624507 1.0242957 1.0319998 0.7733700 1.0014177 0.6891228 0.9787740
C 0.8908358 1.0866023 0.9052188 0.7667205 0.9490121 0.7338828 0.9416302
D 0.9088218 0.8695103 0.8908358 0.7733700 0.9787740 0.7274090 0.9269836
E 0.8554203 0.8837176 1.0014177 0.8207372 0.9196896 0.7017774 0.9938307
      [,23]    [,24]     [,25]     [,26]     [,27]    [,28]    [,29]     [,30]
A 1.0630213 1.301790 1.0281331 0.9160573 1.0014177 1.126470 1.162970 0.8414767
B 0.9638345 1.233508 0.9750245 0.7306312 0.9675547 1.204215 1.146683 0.7934945
C 0.8138825 1.293149 0.9453212 0.7241574 0.9306453 1.090557 1.106463 0.7800489
D 0.5186949 1.250410 0.9863024 0.7968632 0.9052188 1.130513 1.009005 0.7901257
E 0.5352162 1.284537 1.0787224 0.8589355 0.9675547 1.258905 1.051333 0.8173098
     [,31]     [,32]     [,33]     [,34]     [,35]     [,36]     [,37]
A 1.220912 0.8837176 1.0630213 0.9638345 0.7209352 1.0630213 0.7600709
B 1.241944 0.8519344 0.8765993 1.0014177 0.7403859 1.0166501 0.7338828
C 1.179374 0.7733700 1.0242957 0.8554203 0.7934945 0.8980126 0.8002612
D 1.154826 0.9976388 1.0166501 0.7867570 0.8980126 1.0242957 0.7403859
E 1.130513 0.8872620 1.0397039 0.8908358 0.8207372 1.0397039 0.8414767
      [,38]     [,39]    [,40]     [,41]     [,42]     [,43]    [,44]    [,45]
A 1.1345260 1.1024792 1.398663 1.0474373 0.9453212 0.9233513 1.126470 1.126470
B 1.0014177 0.9863024 1.310461 0.8980126 0.7600709 0.9490121 1.179374 1.225101
C 0.9713042 0.7934945 1.319132 0.9233513 0.7145200 0.9343069 1.142640 1.032000
D 1.0319998 0.5979623 1.345379 0.9343069 0.8104552 0.9016157 1.154826 1.055229
E 1.0242957 0.5979623 1.327861 1.0552293 0.8484485 0.9306453 1.208374 1.024296
      [,46]    [,47]     [,48]
A 0.8449333 1.246162 1.0591253
B 0.8138825 1.263152 0.9638345
C 0.7867570 1.179374 0.8765993
D 0.7667205 1.154826 0.9453212
E 0.6610892 1.138568 0.8944389
  times trialMeans  trialSDs
A  -0.5  1.0000000 0.1707572
B   0.0  0.9672728 0.1719649
C   1.0  0.9263209 0.1700898
D   2.0  0.9289762 0.1817164
E   3.0  0.9472954 0.1866194
Processing of Set.One successfully completed at Tue Feb 20 14:53:50 2018 GMT

Starting Repeated Measure Analysis on Set.Two 
at Tue Feb 20 14:53:50 2018 GMT
[1] -0.5  0.0  1.0  2.0  3.0
$F
[1] "SquatHF1" "SquatHF2" "SquatHF3"

$G
[1] "SquatHG1" "SquatHG2" "SquatHG3"

$H
[1] "SquatHH1" "SquatHH2" "SquatHH3"

$I
[1] "SquatHI1" "SquatHI2" "SquatHI3"

$J
[1] "SquatHJ1" "SquatHJ2" "SquatHJ3"

$All.Patients
 [1] "1"  "2"  "3"  "4"  "5"  "6"  "7"  "8"  "9"  "10" "11" "12" "13" "14" "15"
[16] "16"

Analysing Set.Two.All.Patients 
Processing Set.Two.All.Patients 
    [,1]   [,2]   [,3]   [,4]   [,5]   [,6]   [,7]   [,8]   [,9]  [,10]  [,11]
F 31.149 33.927 25.053 35.493 21.838 34.706 31.149 43.998 34.186 27.435 31.770
G 32.903 33.413 23.525 31.895 28.018 31.645 30.411 40.543 28.489 22.358 29.083
H 35.493 34.186 22.045 34.706 23.957 34.445 28.726 39.423 27.551 26.973 30.779
I 33.413 36.556 22.463 34.706 24.832 32.650 32.650 43.851 29.683 23.740 30.534
J 29.202 31.149 24.611 31.895 22.885 38.730 29.683 44.145 29.442 25.835 32.523
   [,12]  [,13]  [,14]  [,15]  [,16]  [,17]  [,18]  [,19]  [,20]  [,21]  [,22]
F 40.543 34.186 22.358 37.094 30.046 34.706 37.364 24.611 37.364 28.726 34.967
G 39.841 29.804 23.418 37.772 30.656 34.186 32.145 25.053 28.018 28.018 31.895
H 35.625 28.489 21.017 38.868 31.396 35.493 35.230 22.463 36.556 24.832 32.903
I 39.007 23.525 23.957 39.841 30.046 37.094 33.158 23.311 33.670 23.097 35.230
J 39.423 21.734 22.253 41.393 28.489 37.636 32.903 23.957 34.967 24.174 38.730
   [,23]  [,24]  [,25]  [,26]  [,27]  [,28]  [,29]  [,30]  [,31]  [,32]  [,33]
F 32.397 44.292 36.556 26.174 32.397 37.772 35.493 25.947 38.044 28.489 35.230
G 29.442 41.393 28.018 23.525 29.804 36.556 30.411 24.721 36.959 29.322 34.706
H 28.253 40.684 26.401 25.275 31.149 36.423 28.726 21.221 38.318 31.149 36.825
I 32.145 44.588 29.322 24.721 30.168 40.121 27.088 24.832 42.831 28.135 37.364
J 29.683 44.736 28.371 25.835 33.413 38.730 25.610 26.401 44.588 31.895 40.684
   [,34]  [,35]  [,36]  [,37]  [,38]  [,39]  [,40]  [,41]  [,42]  [,43]  [,44]
F 34.706 25.722 37.094 28.253 34.967 31.895 45.629 35.757 24.611 32.271 41.679
G 31.396 23.311 31.645 27.319 31.895 31.396 43.121 27.784 22.779 30.411 36.556
H 33.927 20.613 34.186 26.629 32.903 31.396 41.822 28.371 23.957 32.020 35.230
I 33.413 23.957 38.455 26.174 33.413 29.683 42.541 29.202 26.287 31.521 43.412
J 33.158 25.722 34.186 23.311 38.455 31.396 44.736 30.411 26.174 31.149 39.701
   [,45]  [,46]  [,47]  [,48]
F 36.556 25.947 39.007 31.770
G 31.770 25.164 39.284 30.534
H 28.018 23.418 41.822 32.523
I 27.088 23.848 43.998 30.411
J 25.053 24.502 44.145 31.645
       [,1]      [,2]      [,3]      [,4]      [,5]      [,6]      [,7]
F 0.9395648 1.0233592 0.7556877 1.0705953 0.6587119 1.0468566 0.9395648
G 0.9924717 1.0078551 0.7095978 0.9620668 0.8451227 0.9545259 0.9173041
H 1.0705953 1.0311715 0.6649557 1.0468566 0.7226285 1.0389839 0.8664785
I 1.0078551 1.1026592 0.6775641 1.0468566 0.7490216 0.9848403 0.9848403
J 0.8808363 0.9395648 0.7423554 0.9620668 0.6902931 1.1682348 0.8953450
      [,8]      [,9]     [,10]     [,11]    [,12]     [,13]     [,14]    [,15]
F 1.327136 1.0311715 0.8275373 0.9582964 1.222921 1.0311715 0.6743969 1.118887
G 1.222921 0.8593297 0.6743969 0.8772469 1.201746 0.8989948 0.7063703 1.139338
H 1.189138 0.8310363 0.8136018 0.9284043 1.074577 0.8593297 0.6339476 1.172397
I 1.322702 0.8953450 0.7160830 0.9210142 1.176590 0.7095978 0.7226285 1.201746
J 1.331570 0.8880756 0.7792756 0.9810095 1.189138 0.6555749 0.6712297 1.248560
      [,16]    [,17]     [,18]     [,19]     [,20]     [,21]     [,22]
F 0.9062944 1.046857 1.1270313 0.7423554 1.1270313 0.8664785 1.0547293
G 0.9246942 1.031172 0.9696077 0.7556877 0.8451227 0.8451227 0.9620668
H 0.9470152 1.070595 1.0626623 0.6775641 1.1026592 0.7490216 0.9924717
I 0.9062944 1.118887 1.0001634 0.7031428 1.0156071 0.6966878 1.0626623
J 0.8593297 1.135236 0.9924717 0.7226285 1.0547293 0.7291739 1.1682348
      [,23]    [,24]     [,25]     [,26]     [,27]    [,28]     [,29]     [,30]
F 0.9772089 1.336004 1.1026592 0.7895011 0.9772089 1.139338 1.0705953 0.7826539
G 0.8880756 1.248560 0.8451227 0.7095978 0.8989948 1.102659 0.9173041 0.7456734
H 0.8522111 1.227174 0.7963482 0.7623840 0.9395648 1.098647 0.8664785 0.6401009
I 0.9696077 1.344933 0.8844560 0.7456734 0.9099743 1.210192 0.8170706 0.7490216
J 0.8953450 1.349397 0.8557704 0.7792756 1.0078551 1.168235 0.7724888 0.7963482
     [,31]     [,32]    [,33]     [,34]     [,35]     [,36]     [,37]     [,38]
F 1.147543 0.8593297 1.062662 1.0468566 0.7758671 1.1188872 0.8522111 1.0547293
G 1.114815 0.8844560 1.046857 0.9470152 0.7031428 0.9545259 0.8240383 0.9620668
H 1.155807 0.9395648 1.110773 1.0233592 0.6217615 1.0311715 0.8032255 0.9924717
I 1.291936 0.8486518 1.127031 1.0078551 0.7226285 1.1599398 0.7895011 1.0078551
J 1.344933 0.9620668 1.227174 1.0001634 0.7758671 1.0311715 0.7031428 1.1599398
      [,39]    [,40]     [,41]     [,42]     [,43]    [,44]     [,45]     [,46]
F 0.9620668 1.376333 1.0785585 0.7423554 0.9734083 1.257187 1.1026592 0.7826539
G 0.9470152 1.300683 0.8380644 0.6870958 0.9173041 1.102659 0.9582964 0.7590359
H 0.9470152 1.261500 0.8557704 0.7226285 0.9658373 1.062662 0.8451227 0.7063703
I 0.8953450 1.283188 0.8808363 0.7929096 0.9507856 1.309461 0.8170706 0.7193406
J 0.9470152 1.349397 0.9173041 0.7895011 0.9395648 1.197524 0.7556877 0.7390676
     [,47]     [,48]
F 1.176590 0.9582964
G 1.184945 0.9210142
H 1.261500 0.9810095
I 1.327136 0.9173041
J 1.331570 0.9545259
  times trialMeans  trialSDs
F  -0.5  1.0000000 0.1715028
G   0.0  0.9314954 0.1544581
H   1.0  0.9378448 0.1739668
I   2.0  0.9625519 0.1981618
J   3.0  0.9674014 0.2065391
Processing of Set.Two successfully completed at Tue Feb 20 14:53:50 2018 GMT

